Performing C SOURCE FILE Test CHECK_CPU_ARCHITECTURE_X86 failed with the following output:
Change Dir: /home/om/FitSage/kivy-dependencies/build/SDL2-2.28.5/build/CMakeFiles/CMakeTmp

Run Build Command(s):/usr/bin/ninja cmTC_3ac32 && [1/2] Building C object CMakeFiles/cmTC_3ac32.dir/src.c.o
FAILED: CMakeFiles/cmTC_3ac32.dir/src.c.o 
/usr/bin/cc -DCHECK_CPU_ARCHITECTURE_X86   -o CMakeFiles/cmTC_3ac32.dir/src.c.o -c /home/om/FitSage/kivy-dependencies/build/SDL2-2.28.5/build/CMakeFiles/CMakeTmp/src.c
/home/om/FitSage/kivy-dependencies/build/SDL2-2.28.5/build/CMakeFiles/CMakeTmp/src.c: In function ‘main’:
/home/om/FitSage/kivy-dependencies/build/SDL2-2.28.5/build/CMakeFiles/CMakeTmp/src.c:6:3: error: ‘choke’ undeclared (first use in this function)
    6 |   choke
      |   ^~~~~
/home/om/FitSage/kivy-dependencies/build/SDL2-2.28.5/build/CMakeFiles/CMakeTmp/src.c:6:3: note: each undeclared identifier is reported only once for each function it appears in
/home/om/FitSage/kivy-dependencies/build/SDL2-2.28.5/build/CMakeFiles/CMakeTmp/src.c:6:8: error: expected ‘;’ before ‘}’ token
    6 |   choke
      |        ^
      |        ;
    7 | #endif
    8 | }
      | ~       
ninja: build stopped: subcommand failed.


Source file was:

int main(int argc, char *argv[]) {
#if defined(__i386__) || defined(__i486__) || defined(__i586__) || defined(__i686__) ||defined( __i386) || defined(_M_IX86)
  return 0;
#else
  choke
#endif
}

Performing C SOURCE FILE Test CHECK_CPU_ARCHITECTURE_ARM32 failed with the following output:
Change Dir: /home/om/FitSage/kivy-dependencies/build/SDL2-2.28.5/build/CMakeFiles/CMakeTmp

Run Build Command(s):/usr/bin/ninja cmTC_9bb0e && [1/2] Building C object CMakeFiles/cmTC_9bb0e.dir/src.c.o
FAILED: CMakeFiles/cmTC_9bb0e.dir/src.c.o 
/usr/bin/cc -DCHECK_CPU_ARCHITECTURE_ARM32   -o CMakeFiles/cmTC_9bb0e.dir/src.c.o -c /home/om/FitSage/kivy-dependencies/build/SDL2-2.28.5/build/CMakeFiles/CMakeTmp/src.c
/home/om/FitSage/kivy-dependencies/build/SDL2-2.28.5/build/CMakeFiles/CMakeTmp/src.c: In function ‘main’:
/home/om/FitSage/kivy-dependencies/build/SDL2-2.28.5/build/CMakeFiles/CMakeTmp/src.c:6:3: error: ‘choke’ undeclared (first use in this function)
    6 |   choke
      |   ^~~~~
/home/om/FitSage/kivy-dependencies/build/SDL2-2.28.5/build/CMakeFiles/CMakeTmp/src.c:6:3: note: each undeclared identifier is reported only once for each function it appears in
/home/om/FitSage/kivy-dependencies/build/SDL2-2.28.5/build/CMakeFiles/CMakeTmp/src.c:6:8: error: expected ‘;’ before ‘}’ token
    6 |   choke
      |        ^
      |        ;
    7 | #endif
    8 | }
      | ~       
ninja: build stopped: subcommand failed.


Source file was:

int main(int argc, char *argv[]) {
#if defined(__arm__) || defined(_M_ARM)
  return 0;
#else
  choke
#endif
}

Performing C SOURCE FILE Test CHECK_CPU_ARCHITECTURE_ARM64 failed with the following output:
Change Dir: /home/om/FitSage/kivy-dependencies/build/SDL2-2.28.5/build/CMakeFiles/CMakeTmp

Run Build Command(s):/usr/bin/ninja cmTC_8702a && [1/2] Building C object CMakeFiles/cmTC_8702a.dir/src.c.o
FAILED: CMakeFiles/cmTC_8702a.dir/src.c.o 
/usr/bin/cc -DCHECK_CPU_ARCHITECTURE_ARM64   -o CMakeFiles/cmTC_8702a.dir/src.c.o -c /home/om/FitSage/kivy-dependencies/build/SDL2-2.28.5/build/CMakeFiles/CMakeTmp/src.c
/home/om/FitSage/kivy-dependencies/build/SDL2-2.28.5/build/CMakeFiles/CMakeTmp/src.c: In function ‘main’:
/home/om/FitSage/kivy-dependencies/build/SDL2-2.28.5/build/CMakeFiles/CMakeTmp/src.c:6:3: error: ‘choke’ undeclared (first use in this function)
    6 |   choke
      |   ^~~~~
/home/om/FitSage/kivy-dependencies/build/SDL2-2.28.5/build/CMakeFiles/CMakeTmp/src.c:6:3: note: each undeclared identifier is reported only once for each function it appears in
/home/om/FitSage/kivy-dependencies/build/SDL2-2.28.5/build/CMakeFiles/CMakeTmp/src.c:6:8: error: expected ‘;’ before ‘}’ token
    6 |   choke
      |        ^
      |        ;
    7 | #endif
    8 | }
      | ~       
ninja: build stopped: subcommand failed.


Source file was:

int main(int argc, char *argv[]) {
#if defined(__aarch64__) || defined(_M_ARM64)
  return 0;
#else
  choke
#endif
}

Performing C SOURCE FILE Test CHECK_CPU_ARCHITECTURE_LOONGARCH64 failed with the following output:
Change Dir: /home/om/FitSage/kivy-dependencies/build/SDL2-2.28.5/build/CMakeFiles/CMakeTmp

Run Build Command(s):/usr/bin/ninja cmTC_db521 && [1/2] Building C object CMakeFiles/cmTC_db521.dir/src.c.o
FAILED: CMakeFiles/cmTC_db521.dir/src.c.o 
/usr/bin/cc -DCHECK_CPU_ARCHITECTURE_LOONGARCH64   -o CMakeFiles/cmTC_db521.dir/src.c.o -c /home/om/FitSage/kivy-dependencies/build/SDL2-2.28.5/build/CMakeFiles/CMakeTmp/src.c
/home/om/FitSage/kivy-dependencies/build/SDL2-2.28.5/build/CMakeFiles/CMakeTmp/src.c: In function ‘main’:
/home/om/FitSage/kivy-dependencies/build/SDL2-2.28.5/build/CMakeFiles/CMakeTmp/src.c:6:3: error: ‘choke’ undeclared (first use in this function)
    6 |   choke
      |   ^~~~~
/home/om/FitSage/kivy-dependencies/build/SDL2-2.28.5/build/CMakeFiles/CMakeTmp/src.c:6:3: note: each undeclared identifier is reported only once for each function it appears in
/home/om/FitSage/kivy-dependencies/build/SDL2-2.28.5/build/CMakeFiles/CMakeTmp/src.c:6:8: error: expected ‘;’ before ‘}’ token
    6 |   choke
      |        ^
      |        ;
    7 | #endif
    8 | }
      | ~       
ninja: build stopped: subcommand failed.


Source file was:

int main(int argc, char *argv[]) {
#if defined(__loongarch64)
  return 0;
#else
  choke
#endif
}

Performing C SOURCE FILE Test HAVE_ALTIVEC_H_HDR failed with the following output:
Change Dir: /home/om/FitSage/kivy-dependencies/build/SDL2-2.28.5/build/CMakeFiles/CMakeTmp

Run Build Command(s):/usr/bin/ninja cmTC_0a338 && [1/2] Building C object CMakeFiles/cmTC_0a338.dir/src.c.o
FAILED: CMakeFiles/cmTC_0a338.dir/src.c.o 
/usr/bin/cc -DHAVE_ALTIVEC_H_HDR  -idirafter "/home/om/FitSage/kivy-dependencies/build/SDL2-2.28.5/src/video/khronos" -maltivec -o CMakeFiles/cmTC_0a338.dir/src.c.o -c /home/om/FitSage/kivy-dependencies/build/SDL2-2.28.5/build/CMakeFiles/CMakeTmp/src.c
cc: error: unrecognized command-line option ‘-maltivec’
ninja: build stopped: subcommand failed.


Source file was:

          #include <altivec.h>
          vector unsigned int vzero() {
              return vec_splat_u32(0);
          }
          int main(int argc, char **argv) { return 0; }
Performing C SOURCE FILE Test CPU_SUPPORTS_ALTIVEC failed with the following output:
Change Dir: /home/om/FitSage/kivy-dependencies/build/SDL2-2.28.5/build/CMakeFiles/CMakeTmp

Run Build Command(s):/usr/bin/ninja cmTC_47023 && [1/2] Building C object CMakeFiles/cmTC_47023.dir/src.c.o
FAILED: CMakeFiles/cmTC_47023.dir/src.c.o 
/usr/bin/cc -DCPU_SUPPORTS_ALTIVEC  -idirafter "/home/om/FitSage/kivy-dependencies/build/SDL2-2.28.5/src/video/khronos" -maltivec -o CMakeFiles/cmTC_47023.dir/src.c.o -c /home/om/FitSage/kivy-dependencies/build/SDL2-2.28.5/build/CMakeFiles/CMakeTmp/src.c
cc: error: unrecognized command-line option ‘-maltivec’
ninja: build stopped: subcommand failed.


Source file was:

          vector unsigned int vzero() {
              return vec_splat_u32(0);
          }
          int main(int argc, char **argv) { return 0; }
Determining if the include file libunwind.h exists failed with the following output:
Change Dir: /home/om/FitSage/kivy-dependencies/build/SDL2-2.28.5/build/CMakeFiles/CMakeTmp

Run Build Command(s):/usr/bin/ninja cmTC_63d15 && [1/2] Building C object CMakeFiles/cmTC_63d15.dir/CheckIncludeFile.c.o
FAILED: CMakeFiles/cmTC_63d15.dir/CheckIncludeFile.c.o 
/usr/bin/cc   -idirafter "/home/om/FitSage/kivy-dependencies/build/SDL2-2.28.5/src/video/khronos"  -D_GNU_SOURCE=1 -o CMakeFiles/cmTC_63d15.dir/CheckIncludeFile.c.o -c /home/om/FitSage/kivy-dependencies/build/SDL2-2.28.5/build/CMakeFiles/CMakeTmp/CheckIncludeFile.c
/home/om/FitSage/kivy-dependencies/build/SDL2-2.28.5/build/CMakeFiles/CMakeTmp/CheckIncludeFile.c:1:10: fatal error: libunwind.h: No such file or directory
    1 | #include <libunwind.h>
      |          ^~~~~~~~~~~~~
compilation terminated.
ninja: build stopped: subcommand failed.



Determining if the strlcpy exist failed with the following output:
Change Dir: /home/om/FitSage/kivy-dependencies/build/SDL2-2.28.5/build/CMakeFiles/CMakeTmp

Run Build Command(s):/usr/bin/ninja cmTC_7fe5f && [1/2] Building C object CMakeFiles/cmTC_7fe5f.dir/CheckSymbolExists.c.o
FAILED: CMakeFiles/cmTC_7fe5f.dir/CheckSymbolExists.c.o 
/usr/bin/cc   -idirafter "/home/om/FitSage/kivy-dependencies/build/SDL2-2.28.5/src/video/khronos"  -D_GNU_SOURCE=1 -o CMakeFiles/cmTC_7fe5f.dir/CheckSymbolExists.c.o -c /home/om/FitSage/kivy-dependencies/build/SDL2-2.28.5/build/CMakeFiles/CMakeTmp/CheckSymbolExists.c
/home/om/FitSage/kivy-dependencies/build/SDL2-2.28.5/build/CMakeFiles/CMakeTmp/CheckSymbolExists.c: In function ‘main’:
/home/om/FitSage/kivy-dependencies/build/SDL2-2.28.5/build/CMakeFiles/CMakeTmp/CheckSymbolExists.c:14:19: error: ‘strlcpy’ undeclared (first use in this function); did you mean ‘strncpy’?
   14 |   return ((int*)(&strlcpy))[argc];
      |                   ^~~~~~~
      |                   strncpy
/home/om/FitSage/kivy-dependencies/build/SDL2-2.28.5/build/CMakeFiles/CMakeTmp/CheckSymbolExists.c:14:19: note: each undeclared identifier is reported only once for each function it appears in
ninja: build stopped: subcommand failed.


File /home/om/FitSage/kivy-dependencies/build/SDL2-2.28.5/build/CMakeFiles/CMakeTmp/CheckSymbolExists.c:
/* */
#include <stddef.h>
#include <stdarg.h>
#include <stdlib.h>
#include <string.h>
#include <stdio.h>
#include <wchar.h>
#include <float.h>

int main(int argc, char** argv)
{
  (void)argv;
#ifndef strlcpy
  return ((int*)(&strlcpy))[argc];
#else
  (void)argc;
  return 0;
#endif
}
Determining if the strlcat exist failed with the following output:
Change Dir: /home/om/FitSage/kivy-dependencies/build/SDL2-2.28.5/build/CMakeFiles/CMakeTmp

Run Build Command(s):/usr/bin/ninja cmTC_68e4f && [1/2] Building C object CMakeFiles/cmTC_68e4f.dir/CheckSymbolExists.c.o
FAILED: CMakeFiles/cmTC_68e4f.dir/CheckSymbolExists.c.o 
/usr/bin/cc   -idirafter "/home/om/FitSage/kivy-dependencies/build/SDL2-2.28.5/src/video/khronos"  -D_GNU_SOURCE=1 -o CMakeFiles/cmTC_68e4f.dir/CheckSymbolExists.c.o -c /home/om/FitSage/kivy-dependencies/build/SDL2-2.28.5/build/CMakeFiles/CMakeTmp/CheckSymbolExists.c
/home/om/FitSage/kivy-dependencies/build/SDL2-2.28.5/build/CMakeFiles/CMakeTmp/CheckSymbolExists.c: In function ‘main’:
/home/om/FitSage/kivy-dependencies/build/SDL2-2.28.5/build/CMakeFiles/CMakeTmp/CheckSymbolExists.c:14:19: error: ‘strlcat’ undeclared (first use in this function); did you mean ‘strncat’?
   14 |   return ((int*)(&strlcat))[argc];
      |                   ^~~~~~~
      |                   strncat
/home/om/FitSage/kivy-dependencies/build/SDL2-2.28.5/build/CMakeFiles/CMakeTmp/CheckSymbolExists.c:14:19: note: each undeclared identifier is reported only once for each function it appears in
ninja: build stopped: subcommand failed.


File /home/om/FitSage/kivy-dependencies/build/SDL2-2.28.5/build/CMakeFiles/CMakeTmp/CheckSymbolExists.c:
/* */
#include <stddef.h>
#include <stdarg.h>
#include <stdlib.h>
#include <string.h>
#include <stdio.h>
#include <wchar.h>
#include <float.h>

int main(int argc, char** argv)
{
  (void)argv;
#ifndef strlcat
  return ((int*)(&strlcat))[argc];
#else
  (void)argc;
  return 0;
#endif
}
Determining if the _strrev exist failed with the following output:
Change Dir: /home/om/FitSage/kivy-dependencies/build/SDL2-2.28.5/build/CMakeFiles/CMakeTmp

Run Build Command(s):/usr/bin/ninja cmTC_d6981 && [1/2] Building C object CMakeFiles/cmTC_d6981.dir/CheckSymbolExists.c.o
FAILED: CMakeFiles/cmTC_d6981.dir/CheckSymbolExists.c.o 
/usr/bin/cc   -idirafter "/home/om/FitSage/kivy-dependencies/build/SDL2-2.28.5/src/video/khronos"  -D_GNU_SOURCE=1 -o CMakeFiles/cmTC_d6981.dir/CheckSymbolExists.c.o -c /home/om/FitSage/kivy-dependencies/build/SDL2-2.28.5/build/CMakeFiles/CMakeTmp/CheckSymbolExists.c
/home/om/FitSage/kivy-dependencies/build/SDL2-2.28.5/build/CMakeFiles/CMakeTmp/CheckSymbolExists.c: In function ‘main’:
/home/om/FitSage/kivy-dependencies/build/SDL2-2.28.5/build/CMakeFiles/CMakeTmp/CheckSymbolExists.c:14:19: error: ‘_strrev’ undeclared (first use in this function)
   14 |   return ((int*)(&_strrev))[argc];
      |                   ^~~~~~~
/home/om/FitSage/kivy-dependencies/build/SDL2-2.28.5/build/CMakeFiles/CMakeTmp/CheckSymbolExists.c:14:19: note: each undeclared identifier is reported only once for each function it appears in
ninja: build stopped: subcommand failed.


File /home/om/FitSage/kivy-dependencies/build/SDL2-2.28.5/build/CMakeFiles/CMakeTmp/CheckSymbolExists.c:
/* */
#include <stddef.h>
#include <stdarg.h>
#include <stdlib.h>
#include <string.h>
#include <stdio.h>
#include <wchar.h>
#include <float.h>

int main(int argc, char** argv)
{
  (void)argv;
#ifndef _strrev
  return ((int*)(&_strrev))[argc];
#else
  (void)argc;
  return 0;
#endif
}
Determining if the _strupr exist failed with the following output:
Change Dir: /home/om/FitSage/kivy-dependencies/build/SDL2-2.28.5/build/CMakeFiles/CMakeTmp

Run Build Command(s):/usr/bin/ninja cmTC_dfdd3 && [1/2] Building C object CMakeFiles/cmTC_dfdd3.dir/CheckSymbolExists.c.o
FAILED: CMakeFiles/cmTC_dfdd3.dir/CheckSymbolExists.c.o 
/usr/bin/cc   -idirafter "/home/om/FitSage/kivy-dependencies/build/SDL2-2.28.5/src/video/khronos"  -D_GNU_SOURCE=1 -o CMakeFiles/cmTC_dfdd3.dir/CheckSymbolExists.c.o -c /home/om/FitSage/kivy-dependencies/build/SDL2-2.28.5/build/CMakeFiles/CMakeTmp/CheckSymbolExists.c
/home/om/FitSage/kivy-dependencies/build/SDL2-2.28.5/build/CMakeFiles/CMakeTmp/CheckSymbolExists.c: In function ‘main’:
/home/om/FitSage/kivy-dependencies/build/SDL2-2.28.5/build/CMakeFiles/CMakeTmp/CheckSymbolExists.c:14:19: error: ‘_strupr’ undeclared (first use in this function)
   14 |   return ((int*)(&_strupr))[argc];
      |                   ^~~~~~~
/home/om/FitSage/kivy-dependencies/build/SDL2-2.28.5/build/CMakeFiles/CMakeTmp/CheckSymbolExists.c:14:19: note: each undeclared identifier is reported only once for each function it appears in
ninja: build stopped: subcommand failed.


File /home/om/FitSage/kivy-dependencies/build/SDL2-2.28.5/build/CMakeFiles/CMakeTmp/CheckSymbolExists.c:
/* */
#include <stddef.h>
#include <stdarg.h>
#include <stdlib.h>
#include <string.h>
#include <stdio.h>
#include <wchar.h>
#include <float.h>

int main(int argc, char** argv)
{
  (void)argv;
#ifndef _strupr
  return ((int*)(&_strupr))[argc];
#else
  (void)argc;
  return 0;
#endif
}
Determining if the _strlwr exist failed with the following output:
Change Dir: /home/om/FitSage/kivy-dependencies/build/SDL2-2.28.5/build/CMakeFiles/CMakeTmp

Run Build Command(s):/usr/bin/ninja cmTC_ff599 && [1/2] Building C object CMakeFiles/cmTC_ff599.dir/CheckSymbolExists.c.o
FAILED: CMakeFiles/cmTC_ff599.dir/CheckSymbolExists.c.o 
/usr/bin/cc   -idirafter "/home/om/FitSage/kivy-dependencies/build/SDL2-2.28.5/src/video/khronos"  -D_GNU_SOURCE=1 -o CMakeFiles/cmTC_ff599.dir/CheckSymbolExists.c.o -c /home/om/FitSage/kivy-dependencies/build/SDL2-2.28.5/build/CMakeFiles/CMakeTmp/CheckSymbolExists.c
/home/om/FitSage/kivy-dependencies/build/SDL2-2.28.5/build/CMakeFiles/CMakeTmp/CheckSymbolExists.c: In function ‘main’:
/home/om/FitSage/kivy-dependencies/build/SDL2-2.28.5/build/CMakeFiles/CMakeTmp/CheckSymbolExists.c:14:19: error: ‘_strlwr’ undeclared (first use in this function)
   14 |   return ((int*)(&_strlwr))[argc];
      |                   ^~~~~~~
/home/om/FitSage/kivy-dependencies/build/SDL2-2.28.5/build/CMakeFiles/CMakeTmp/CheckSymbolExists.c:14:19: note: each undeclared identifier is reported only once for each function it appears in
ninja: build stopped: subcommand failed.


File /home/om/FitSage/kivy-dependencies/build/SDL2-2.28.5/build/CMakeFiles/CMakeTmp/CheckSymbolExists.c:
/* */
#include <stddef.h>
#include <stdarg.h>
#include <stdlib.h>
#include <string.h>
#include <stdio.h>
#include <wchar.h>
#include <float.h>

int main(int argc, char** argv)
{
  (void)argv;
#ifndef _strlwr
  return ((int*)(&_strlwr))[argc];
#else
  (void)argc;
  return 0;
#endif
}
Determining if the itoa exist failed with the following output:
Change Dir: /home/om/FitSage/kivy-dependencies/build/SDL2-2.28.5/build/CMakeFiles/CMakeTmp

Run Build Command(s):/usr/bin/ninja cmTC_344fe && [1/2] Building C object CMakeFiles/cmTC_344fe.dir/CheckSymbolExists.c.o
FAILED: CMakeFiles/cmTC_344fe.dir/CheckSymbolExists.c.o 
/usr/bin/cc   -idirafter "/home/om/FitSage/kivy-dependencies/build/SDL2-2.28.5/src/video/khronos"  -D_GNU_SOURCE=1 -o CMakeFiles/cmTC_344fe.dir/CheckSymbolExists.c.o -c /home/om/FitSage/kivy-dependencies/build/SDL2-2.28.5/build/CMakeFiles/CMakeTmp/CheckSymbolExists.c
/home/om/FitSage/kivy-dependencies/build/SDL2-2.28.5/build/CMakeFiles/CMakeTmp/CheckSymbolExists.c: In function ‘main’:
/home/om/FitSage/kivy-dependencies/build/SDL2-2.28.5/build/CMakeFiles/CMakeTmp/CheckSymbolExists.c:14:19: error: ‘itoa’ undeclared (first use in this function)
   14 |   return ((int*)(&itoa))[argc];
      |                   ^~~~
/home/om/FitSage/kivy-dependencies/build/SDL2-2.28.5/build/CMakeFiles/CMakeTmp/CheckSymbolExists.c:14:19: note: each undeclared identifier is reported only once for each function it appears in
ninja: build stopped: subcommand failed.


File /home/om/FitSage/kivy-dependencies/build/SDL2-2.28.5/build/CMakeFiles/CMakeTmp/CheckSymbolExists.c:
/* */
#include <stddef.h>
#include <stdarg.h>
#include <stdlib.h>
#include <string.h>
#include <stdio.h>
#include <wchar.h>
#include <float.h>

int main(int argc, char** argv)
{
  (void)argv;
#ifndef itoa
  return ((int*)(&itoa))[argc];
#else
  (void)argc;
  return 0;
#endif
}
Determining if the _ltoa exist failed with the following output:
Change Dir: /home/om/FitSage/kivy-dependencies/build/SDL2-2.28.5/build/CMakeFiles/CMakeTmp

Run Build Command(s):/usr/bin/ninja cmTC_cabd6 && [1/2] Building C object CMakeFiles/cmTC_cabd6.dir/CheckSymbolExists.c.o
FAILED: CMakeFiles/cmTC_cabd6.dir/CheckSymbolExists.c.o 
/usr/bin/cc   -idirafter "/home/om/FitSage/kivy-dependencies/build/SDL2-2.28.5/src/video/khronos"  -D_GNU_SOURCE=1 -o CMakeFiles/cmTC_cabd6.dir/CheckSymbolExists.c.o -c /home/om/FitSage/kivy-dependencies/build/SDL2-2.28.5/build/CMakeFiles/CMakeTmp/CheckSymbolExists.c
/home/om/FitSage/kivy-dependencies/build/SDL2-2.28.5/build/CMakeFiles/CMakeTmp/CheckSymbolExists.c: In function ‘main’:
/home/om/FitSage/kivy-dependencies/build/SDL2-2.28.5/build/CMakeFiles/CMakeTmp/CheckSymbolExists.c:14:19: error: ‘_ltoa’ undeclared (first use in this function)
   14 |   return ((int*)(&_ltoa))[argc];
      |                   ^~~~~
/home/om/FitSage/kivy-dependencies/build/SDL2-2.28.5/build/CMakeFiles/CMakeTmp/CheckSymbolExists.c:14:19: note: each undeclared identifier is reported only once for each function it appears in
ninja: build stopped: subcommand failed.


File /home/om/FitSage/kivy-dependencies/build/SDL2-2.28.5/build/CMakeFiles/CMakeTmp/CheckSymbolExists.c:
/* */
#include <stddef.h>
#include <stdarg.h>
#include <stdlib.h>
#include <string.h>
#include <stdio.h>
#include <wchar.h>
#include <float.h>

int main(int argc, char** argv)
{
  (void)argv;
#ifndef _ltoa
  return ((int*)(&_ltoa))[argc];
#else
  (void)argc;
  return 0;
#endif
}
Determining if the _uitoa exist failed with the following output:
Change Dir: /home/om/FitSage/kivy-dependencies/build/SDL2-2.28.5/build/CMakeFiles/CMakeTmp

Run Build Command(s):/usr/bin/ninja cmTC_f3127 && [1/2] Building C object CMakeFiles/cmTC_f3127.dir/CheckSymbolExists.c.o
FAILED: CMakeFiles/cmTC_f3127.dir/CheckSymbolExists.c.o 
/usr/bin/cc   -idirafter "/home/om/FitSage/kivy-dependencies/build/SDL2-2.28.5/src/video/khronos"  -D_GNU_SOURCE=1 -o CMakeFiles/cmTC_f3127.dir/CheckSymbolExists.c.o -c /home/om/FitSage/kivy-dependencies/build/SDL2-2.28.5/build/CMakeFiles/CMakeTmp/CheckSymbolExists.c
/home/om/FitSage/kivy-dependencies/build/SDL2-2.28.5/build/CMakeFiles/CMakeTmp/CheckSymbolExists.c: In function ‘main’:
/home/om/FitSage/kivy-dependencies/build/SDL2-2.28.5/build/CMakeFiles/CMakeTmp/CheckSymbolExists.c:14:19: error: ‘_uitoa’ undeclared (first use in this function)
   14 |   return ((int*)(&_uitoa))[argc];
      |                   ^~~~~~
/home/om/FitSage/kivy-dependencies/build/SDL2-2.28.5/build/CMakeFiles/CMakeTmp/CheckSymbolExists.c:14:19: note: each undeclared identifier is reported only once for each function it appears in
ninja: build stopped: subcommand failed.


File /home/om/FitSage/kivy-dependencies/build/SDL2-2.28.5/build/CMakeFiles/CMakeTmp/CheckSymbolExists.c:
/* */
#include <stddef.h>
#include <stdarg.h>
#include <stdlib.h>
#include <string.h>
#include <stdio.h>
#include <wchar.h>
#include <float.h>

int main(int argc, char** argv)
{
  (void)argv;
#ifndef _uitoa
  return ((int*)(&_uitoa))[argc];
#else
  (void)argc;
  return 0;
#endif
}
Determining if the _ultoa exist failed with the following output:
Change Dir: /home/om/FitSage/kivy-dependencies/build/SDL2-2.28.5/build/CMakeFiles/CMakeTmp

Run Build Command(s):/usr/bin/ninja cmTC_0b957 && [1/2] Building C object CMakeFiles/cmTC_0b957.dir/CheckSymbolExists.c.o
FAILED: CMakeFiles/cmTC_0b957.dir/CheckSymbolExists.c.o 
/usr/bin/cc   -idirafter "/home/om/FitSage/kivy-dependencies/build/SDL2-2.28.5/src/video/khronos"  -D_GNU_SOURCE=1 -o CMakeFiles/cmTC_0b957.dir/CheckSymbolExists.c.o -c /home/om/FitSage/kivy-dependencies/build/SDL2-2.28.5/build/CMakeFiles/CMakeTmp/CheckSymbolExists.c
/home/om/FitSage/kivy-dependencies/build/SDL2-2.28.5/build/CMakeFiles/CMakeTmp/CheckSymbolExists.c: In function ‘main’:
/home/om/FitSage/kivy-dependencies/build/SDL2-2.28.5/build/CMakeFiles/CMakeTmp/CheckSymbolExists.c:14:19: error: ‘_ultoa’ undeclared (first use in this function)
   14 |   return ((int*)(&_ultoa))[argc];
      |                   ^~~~~~
/home/om/FitSage/kivy-dependencies/build/SDL2-2.28.5/build/CMakeFiles/CMakeTmp/CheckSymbolExists.c:14:19: note: each undeclared identifier is reported only once for each function it appears in
ninja: build stopped: subcommand failed.


File /home/om/FitSage/kivy-dependencies/build/SDL2-2.28.5/build/CMakeFiles/CMakeTmp/CheckSymbolExists.c:
/* */
#include <stddef.h>
#include <stdarg.h>
#include <stdlib.h>
#include <string.h>
#include <stdio.h>
#include <wchar.h>
#include <float.h>

int main(int argc, char** argv)
{
  (void)argv;
#ifndef _ultoa
  return ((int*)(&_ultoa))[argc];
#else
  (void)argc;
  return 0;
#endif
}
Determining if the _i64toa exist failed with the following output:
Change Dir: /home/om/FitSage/kivy-dependencies/build/SDL2-2.28.5/build/CMakeFiles/CMakeTmp

Run Build Command(s):/usr/bin/ninja cmTC_9a834 && [1/2] Building C object CMakeFiles/cmTC_9a834.dir/CheckSymbolExists.c.o
FAILED: CMakeFiles/cmTC_9a834.dir/CheckSymbolExists.c.o 
/usr/bin/cc   -idirafter "/home/om/FitSage/kivy-dependencies/build/SDL2-2.28.5/src/video/khronos"  -D_GNU_SOURCE=1 -o CMakeFiles/cmTC_9a834.dir/CheckSymbolExists.c.o -c /home/om/FitSage/kivy-dependencies/build/SDL2-2.28.5/build/CMakeFiles/CMakeTmp/CheckSymbolExists.c
/home/om/FitSage/kivy-dependencies/build/SDL2-2.28.5/build/CMakeFiles/CMakeTmp/CheckSymbolExists.c: In function ‘main’:
/home/om/FitSage/kivy-dependencies/build/SDL2-2.28.5/build/CMakeFiles/CMakeTmp/CheckSymbolExists.c:14:19: error: ‘_i64toa’ undeclared (first use in this function)
   14 |   return ((int*)(&_i64toa))[argc];
      |                   ^~~~~~~
/home/om/FitSage/kivy-dependencies/build/SDL2-2.28.5/build/CMakeFiles/CMakeTmp/CheckSymbolExists.c:14:19: note: each undeclared identifier is reported only once for each function it appears in
ninja: build stopped: subcommand failed.


File /home/om/FitSage/kivy-dependencies/build/SDL2-2.28.5/build/CMakeFiles/CMakeTmp/CheckSymbolExists.c:
/* */
#include <stddef.h>
#include <stdarg.h>
#include <stdlib.h>
#include <string.h>
#include <stdio.h>
#include <wchar.h>
#include <float.h>

int main(int argc, char** argv)
{
  (void)argv;
#ifndef _i64toa
  return ((int*)(&_i64toa))[argc];
#else
  (void)argc;
  return 0;
#endif
}
Determining if the _ui64toa exist failed with the following output:
Change Dir: /home/om/FitSage/kivy-dependencies/build/SDL2-2.28.5/build/CMakeFiles/CMakeTmp

Run Build Command(s):/usr/bin/ninja cmTC_f0f98 && [1/2] Building C object CMakeFiles/cmTC_f0f98.dir/CheckSymbolExists.c.o
FAILED: CMakeFiles/cmTC_f0f98.dir/CheckSymbolExists.c.o 
/usr/bin/cc   -idirafter "/home/om/FitSage/kivy-dependencies/build/SDL2-2.28.5/src/video/khronos"  -D_GNU_SOURCE=1 -o CMakeFiles/cmTC_f0f98.dir/CheckSymbolExists.c.o -c /home/om/FitSage/kivy-dependencies/build/SDL2-2.28.5/build/CMakeFiles/CMakeTmp/CheckSymbolExists.c
/home/om/FitSage/kivy-dependencies/build/SDL2-2.28.5/build/CMakeFiles/CMakeTmp/CheckSymbolExists.c: In function ‘main’:
/home/om/FitSage/kivy-dependencies/build/SDL2-2.28.5/build/CMakeFiles/CMakeTmp/CheckSymbolExists.c:14:19: error: ‘_ui64toa’ undeclared (first use in this function)
   14 |   return ((int*)(&_ui64toa))[argc];
      |                   ^~~~~~~~
/home/om/FitSage/kivy-dependencies/build/SDL2-2.28.5/build/CMakeFiles/CMakeTmp/CheckSymbolExists.c:14:19: note: each undeclared identifier is reported only once for each function it appears in
ninja: build stopped: subcommand failed.


File /home/om/FitSage/kivy-dependencies/build/SDL2-2.28.5/build/CMakeFiles/CMakeTmp/CheckSymbolExists.c:
/* */
#include <stddef.h>
#include <stdarg.h>
#include <stdlib.h>
#include <string.h>
#include <stdio.h>
#include <wchar.h>
#include <float.h>

int main(int argc, char** argv)
{
  (void)argv;
#ifndef _ui64toa
  return ((int*)(&_ui64toa))[argc];
#else
  (void)argc;
  return 0;
#endif
}
Determining if the _stricmp exist failed with the following output:
Change Dir: /home/om/FitSage/kivy-dependencies/build/SDL2-2.28.5/build/CMakeFiles/CMakeTmp

Run Build Command(s):/usr/bin/ninja cmTC_d8959 && [1/2] Building C object CMakeFiles/cmTC_d8959.dir/CheckSymbolExists.c.o
FAILED: CMakeFiles/cmTC_d8959.dir/CheckSymbolExists.c.o 
/usr/bin/cc   -idirafter "/home/om/FitSage/kivy-dependencies/build/SDL2-2.28.5/src/video/khronos"  -D_GNU_SOURCE=1 -o CMakeFiles/cmTC_d8959.dir/CheckSymbolExists.c.o -c /home/om/FitSage/kivy-dependencies/build/SDL2-2.28.5/build/CMakeFiles/CMakeTmp/CheckSymbolExists.c
/home/om/FitSage/kivy-dependencies/build/SDL2-2.28.5/build/CMakeFiles/CMakeTmp/CheckSymbolExists.c: In function ‘main’:
/home/om/FitSage/kivy-dependencies/build/SDL2-2.28.5/build/CMakeFiles/CMakeTmp/CheckSymbolExists.c:14:19: error: ‘_stricmp’ undeclared (first use in this function); did you mean ‘strncmp’?
   14 |   return ((int*)(&_stricmp))[argc];
      |                   ^~~~~~~~
      |                   strncmp
/home/om/FitSage/kivy-dependencies/build/SDL2-2.28.5/build/CMakeFiles/CMakeTmp/CheckSymbolExists.c:14:19: note: each undeclared identifier is reported only once for each function it appears in
ninja: build stopped: subcommand failed.


File /home/om/FitSage/kivy-dependencies/build/SDL2-2.28.5/build/CMakeFiles/CMakeTmp/CheckSymbolExists.c:
/* */
#include <stddef.h>
#include <stdarg.h>
#include <stdlib.h>
#include <string.h>
#include <stdio.h>
#include <wchar.h>
#include <float.h>

int main(int argc, char** argv)
{
  (void)argv;
#ifndef _stricmp
  return ((int*)(&_stricmp))[argc];
#else
  (void)argc;
  return 0;
#endif
}
Determining if the _strnicmp exist failed with the following output:
Change Dir: /home/om/FitSage/kivy-dependencies/build/SDL2-2.28.5/build/CMakeFiles/CMakeTmp

Run Build Command(s):/usr/bin/ninja cmTC_ffdca && [1/2] Building C object CMakeFiles/cmTC_ffdca.dir/CheckSymbolExists.c.o
FAILED: CMakeFiles/cmTC_ffdca.dir/CheckSymbolExists.c.o 
/usr/bin/cc   -idirafter "/home/om/FitSage/kivy-dependencies/build/SDL2-2.28.5/src/video/khronos"  -D_GNU_SOURCE=1 -o CMakeFiles/cmTC_ffdca.dir/CheckSymbolExists.c.o -c /home/om/FitSage/kivy-dependencies/build/SDL2-2.28.5/build/CMakeFiles/CMakeTmp/CheckSymbolExists.c
/home/om/FitSage/kivy-dependencies/build/SDL2-2.28.5/build/CMakeFiles/CMakeTmp/CheckSymbolExists.c: In function ‘main’:
/home/om/FitSage/kivy-dependencies/build/SDL2-2.28.5/build/CMakeFiles/CMakeTmp/CheckSymbolExists.c:14:19: error: ‘_strnicmp’ undeclared (first use in this function); did you mean ‘strncmp’?
   14 |   return ((int*)(&_strnicmp))[argc];
      |                   ^~~~~~~~~
      |                   strncmp
/home/om/FitSage/kivy-dependencies/build/SDL2-2.28.5/build/CMakeFiles/CMakeTmp/CheckSymbolExists.c:14:19: note: each undeclared identifier is reported only once for each function it appears in
ninja: build stopped: subcommand failed.


File /home/om/FitSage/kivy-dependencies/build/SDL2-2.28.5/build/CMakeFiles/CMakeTmp/CheckSymbolExists.c:
/* */
#include <stddef.h>
#include <stdarg.h>
#include <stdlib.h>
#include <string.h>
#include <stdio.h>
#include <wchar.h>
#include <float.h>

int main(int argc, char** argv)
{
  (void)argv;
#ifndef _strnicmp
  return ((int*)(&_strnicmp))[argc];
#else
  (void)argc;
  return 0;
#endif
}
Determining if the _wcsdup exist failed with the following output:
Change Dir: /home/om/FitSage/kivy-dependencies/build/SDL2-2.28.5/build/CMakeFiles/CMakeTmp

Run Build Command(s):/usr/bin/ninja cmTC_6804c && [1/2] Building C object CMakeFiles/cmTC_6804c.dir/CheckSymbolExists.c.o
FAILED: CMakeFiles/cmTC_6804c.dir/CheckSymbolExists.c.o 
/usr/bin/cc   -idirafter "/home/om/FitSage/kivy-dependencies/build/SDL2-2.28.5/src/video/khronos"  -D_GNU_SOURCE=1 -o CMakeFiles/cmTC_6804c.dir/CheckSymbolExists.c.o -c /home/om/FitSage/kivy-dependencies/build/SDL2-2.28.5/build/CMakeFiles/CMakeTmp/CheckSymbolExists.c
/home/om/FitSage/kivy-dependencies/build/SDL2-2.28.5/build/CMakeFiles/CMakeTmp/CheckSymbolExists.c: In function ‘main’:
/home/om/FitSage/kivy-dependencies/build/SDL2-2.28.5/build/CMakeFiles/CMakeTmp/CheckSymbolExists.c:14:19: error: ‘_wcsdup’ undeclared (first use in this function); did you mean ‘wcsdup’?
   14 |   return ((int*)(&_wcsdup))[argc];
      |                   ^~~~~~~
      |                   wcsdup
/home/om/FitSage/kivy-dependencies/build/SDL2-2.28.5/build/CMakeFiles/CMakeTmp/CheckSymbolExists.c:14:19: note: each undeclared identifier is reported only once for each function it appears in
ninja: build stopped: subcommand failed.


File /home/om/FitSage/kivy-dependencies/build/SDL2-2.28.5/build/CMakeFiles/CMakeTmp/CheckSymbolExists.c:
/* */
#include <stddef.h>
#include <stdarg.h>
#include <stdlib.h>
#include <string.h>
#include <stdio.h>
#include <wchar.h>
#include <float.h>

int main(int argc, char** argv)
{
  (void)argv;
#ifndef _wcsdup
  return ((int*)(&_wcsdup))[argc];
#else
  (void)argc;
  return 0;
#endif
}
Determining if the wcslcat exist failed with the following output:
Change Dir: /home/om/FitSage/kivy-dependencies/build/SDL2-2.28.5/build/CMakeFiles/CMakeTmp

Run Build Command(s):/usr/bin/ninja cmTC_ee79d && [1/2] Building C object CMakeFiles/cmTC_ee79d.dir/CheckSymbolExists.c.o
FAILED: CMakeFiles/cmTC_ee79d.dir/CheckSymbolExists.c.o 
/usr/bin/cc   -idirafter "/home/om/FitSage/kivy-dependencies/build/SDL2-2.28.5/src/video/khronos"  -D_GNU_SOURCE=1 -o CMakeFiles/cmTC_ee79d.dir/CheckSymbolExists.c.o -c /home/om/FitSage/kivy-dependencies/build/SDL2-2.28.5/build/CMakeFiles/CMakeTmp/CheckSymbolExists.c
/home/om/FitSage/kivy-dependencies/build/SDL2-2.28.5/build/CMakeFiles/CMakeTmp/CheckSymbolExists.c: In function ‘main’:
/home/om/FitSage/kivy-dependencies/build/SDL2-2.28.5/build/CMakeFiles/CMakeTmp/CheckSymbolExists.c:14:19: error: ‘wcslcat’ undeclared (first use in this function); did you mean ‘wcsncat’?
   14 |   return ((int*)(&wcslcat))[argc];
      |                   ^~~~~~~
      |                   wcsncat
/home/om/FitSage/kivy-dependencies/build/SDL2-2.28.5/build/CMakeFiles/CMakeTmp/CheckSymbolExists.c:14:19: note: each undeclared identifier is reported only once for each function it appears in
ninja: build stopped: subcommand failed.


File /home/om/FitSage/kivy-dependencies/build/SDL2-2.28.5/build/CMakeFiles/CMakeTmp/CheckSymbolExists.c:
/* */
#include <stddef.h>
#include <stdarg.h>
#include <stdlib.h>
#include <string.h>
#include <stdio.h>
#include <wchar.h>
#include <float.h>

int main(int argc, char** argv)
{
  (void)argv;
#ifndef wcslcat
  return ((int*)(&wcslcat))[argc];
#else
  (void)argc;
  return 0;
#endif
}
Determining if the wcslcpy exist failed with the following output:
Change Dir: /home/om/FitSage/kivy-dependencies/build/SDL2-2.28.5/build/CMakeFiles/CMakeTmp

Run Build Command(s):/usr/bin/ninja cmTC_fb0c4 && [1/2] Building C object CMakeFiles/cmTC_fb0c4.dir/CheckSymbolExists.c.o
FAILED: CMakeFiles/cmTC_fb0c4.dir/CheckSymbolExists.c.o 
/usr/bin/cc   -idirafter "/home/om/FitSage/kivy-dependencies/build/SDL2-2.28.5/src/video/khronos"  -D_GNU_SOURCE=1 -o CMakeFiles/cmTC_fb0c4.dir/CheckSymbolExists.c.o -c /home/om/FitSage/kivy-dependencies/build/SDL2-2.28.5/build/CMakeFiles/CMakeTmp/CheckSymbolExists.c
/home/om/FitSage/kivy-dependencies/build/SDL2-2.28.5/build/CMakeFiles/CMakeTmp/CheckSymbolExists.c: In function ‘main’:
/home/om/FitSage/kivy-dependencies/build/SDL2-2.28.5/build/CMakeFiles/CMakeTmp/CheckSymbolExists.c:14:19: error: ‘wcslcpy’ undeclared (first use in this function); did you mean ‘wcsncpy’?
   14 |   return ((int*)(&wcslcpy))[argc];
      |                   ^~~~~~~
      |                   wcsncpy
/home/om/FitSage/kivy-dependencies/build/SDL2-2.28.5/build/CMakeFiles/CMakeTmp/CheckSymbolExists.c:14:19: note: each undeclared identifier is reported only once for each function it appears in
ninja: build stopped: subcommand failed.


File /home/om/FitSage/kivy-dependencies/build/SDL2-2.28.5/build/CMakeFiles/CMakeTmp/CheckSymbolExists.c:
/* */
#include <stddef.h>
#include <stdarg.h>
#include <stdlib.h>
#include <string.h>
#include <stdio.h>
#include <wchar.h>
#include <float.h>

int main(int argc, char** argv)
{
  (void)argv;
#ifndef wcslcpy
  return ((int*)(&wcslcpy))[argc];
#else
  (void)argc;
  return 0;
#endif
}
Determining if the _wcsicmp exist failed with the following output:
Change Dir: /home/om/FitSage/kivy-dependencies/build/SDL2-2.28.5/build/CMakeFiles/CMakeTmp

Run Build Command(s):/usr/bin/ninja cmTC_0a570 && [1/2] Building C object CMakeFiles/cmTC_0a570.dir/CheckSymbolExists.c.o
FAILED: CMakeFiles/cmTC_0a570.dir/CheckSymbolExists.c.o 
/usr/bin/cc   -idirafter "/home/om/FitSage/kivy-dependencies/build/SDL2-2.28.5/src/video/khronos"  -D_GNU_SOURCE=1 -o CMakeFiles/cmTC_0a570.dir/CheckSymbolExists.c.o -c /home/om/FitSage/kivy-dependencies/build/SDL2-2.28.5/build/CMakeFiles/CMakeTmp/CheckSymbolExists.c
/home/om/FitSage/kivy-dependencies/build/SDL2-2.28.5/build/CMakeFiles/CMakeTmp/CheckSymbolExists.c: In function ‘main’:
/home/om/FitSage/kivy-dependencies/build/SDL2-2.28.5/build/CMakeFiles/CMakeTmp/CheckSymbolExists.c:14:19: error: ‘_wcsicmp’ undeclared (first use in this function); did you mean ‘wcsncmp’?
   14 |   return ((int*)(&_wcsicmp))[argc];
      |                   ^~~~~~~~
      |                   wcsncmp
/home/om/FitSage/kivy-dependencies/build/SDL2-2.28.5/build/CMakeFiles/CMakeTmp/CheckSymbolExists.c:14:19: note: each undeclared identifier is reported only once for each function it appears in
ninja: build stopped: subcommand failed.


File /home/om/FitSage/kivy-dependencies/build/SDL2-2.28.5/build/CMakeFiles/CMakeTmp/CheckSymbolExists.c:
/* */
#include <stddef.h>
#include <stdarg.h>
#include <stdlib.h>
#include <string.h>
#include <stdio.h>
#include <wchar.h>
#include <float.h>

int main(int argc, char** argv)
{
  (void)argv;
#ifndef _wcsicmp
  return ((int*)(&_wcsicmp))[argc];
#else
  (void)argc;
  return 0;
#endif
}
Determining if the _wcsnicmp exist failed with the following output:
Change Dir: /home/om/FitSage/kivy-dependencies/build/SDL2-2.28.5/build/CMakeFiles/CMakeTmp

Run Build Command(s):/usr/bin/ninja cmTC_7ceb5 && [1/2] Building C object CMakeFiles/cmTC_7ceb5.dir/CheckSymbolExists.c.o
FAILED: CMakeFiles/cmTC_7ceb5.dir/CheckSymbolExists.c.o 
/usr/bin/cc   -idirafter "/home/om/FitSage/kivy-dependencies/build/SDL2-2.28.5/src/video/khronos"  -D_GNU_SOURCE=1 -o CMakeFiles/cmTC_7ceb5.dir/CheckSymbolExists.c.o -c /home/om/FitSage/kivy-dependencies/build/SDL2-2.28.5/build/CMakeFiles/CMakeTmp/CheckSymbolExists.c
/home/om/FitSage/kivy-dependencies/build/SDL2-2.28.5/build/CMakeFiles/CMakeTmp/CheckSymbolExists.c: In function ‘main’:
/home/om/FitSage/kivy-dependencies/build/SDL2-2.28.5/build/CMakeFiles/CMakeTmp/CheckSymbolExists.c:14:19: error: ‘_wcsnicmp’ undeclared (first use in this function); did you mean ‘wcsncmp’?
   14 |   return ((int*)(&_wcsnicmp))[argc];
      |                   ^~~~~~~~~
      |                   wcsncmp
/home/om/FitSage/kivy-dependencies/build/SDL2-2.28.5/build/CMakeFiles/CMakeTmp/CheckSymbolExists.c:14:19: note: each undeclared identifier is reported only once for each function it appears in
ninja: build stopped: subcommand failed.


File /home/om/FitSage/kivy-dependencies/build/SDL2-2.28.5/build/CMakeFiles/CMakeTmp/CheckSymbolExists.c:
/* */
#include <stddef.h>
#include <stdarg.h>
#include <stdlib.h>
#include <string.h>
#include <stdio.h>
#include <wchar.h>
#include <float.h>

int main(int argc, char** argv)
{
  (void)argv;
#ifndef _wcsnicmp
  return ((int*)(&_wcsnicmp))[argc];
#else
  (void)argc;
  return 0;
#endif
}
Determining if the sysctlbyname exist failed with the following output:
Change Dir: /home/om/FitSage/kivy-dependencies/build/SDL2-2.28.5/build/CMakeFiles/CMakeTmp

Run Build Command(s):/usr/bin/ninja cmTC_99f67 && [1/2] Building C object CMakeFiles/cmTC_99f67.dir/CheckSymbolExists.c.o
FAILED: CMakeFiles/cmTC_99f67.dir/CheckSymbolExists.c.o 
/usr/bin/cc   -idirafter "/home/om/FitSage/kivy-dependencies/build/SDL2-2.28.5/src/video/khronos"  -D_GNU_SOURCE=1 -o CMakeFiles/cmTC_99f67.dir/CheckSymbolExists.c.o -c /home/om/FitSage/kivy-dependencies/build/SDL2-2.28.5/build/CMakeFiles/CMakeTmp/CheckSymbolExists.c
/home/om/FitSage/kivy-dependencies/build/SDL2-2.28.5/build/CMakeFiles/CMakeTmp/CheckSymbolExists.c:3:10: fatal error: sys/sysctl.h: No such file or directory
    3 | #include <sys/sysctl.h>
      |          ^~~~~~~~~~~~~~
compilation terminated.
ninja: build stopped: subcommand failed.


File /home/om/FitSage/kivy-dependencies/build/SDL2-2.28.5/build/CMakeFiles/CMakeTmp/CheckSymbolExists.c:
/* */
#include <sys/types.h>
#include <sys/sysctl.h>

int main(int argc, char** argv)
{
  (void)argv;
#ifndef sysctlbyname
  return ((int*)(&sysctlbyname))[argc];
#else
  (void)argc;
  return 0;
#endif
}
Determining if the elf_aux_info exist failed with the following output:
Change Dir: /home/om/FitSage/kivy-dependencies/build/SDL2-2.28.5/build/CMakeFiles/CMakeTmp

Run Build Command(s):/usr/bin/ninja cmTC_c93fa && [1/2] Building C object CMakeFiles/cmTC_c93fa.dir/CheckSymbolExists.c.o
FAILED: CMakeFiles/cmTC_c93fa.dir/CheckSymbolExists.c.o 
/usr/bin/cc   -idirafter "/home/om/FitSage/kivy-dependencies/build/SDL2-2.28.5/src/video/khronos"  -D_GNU_SOURCE=1 -o CMakeFiles/cmTC_c93fa.dir/CheckSymbolExists.c.o -c /home/om/FitSage/kivy-dependencies/build/SDL2-2.28.5/build/CMakeFiles/CMakeTmp/CheckSymbolExists.c
/home/om/FitSage/kivy-dependencies/build/SDL2-2.28.5/build/CMakeFiles/CMakeTmp/CheckSymbolExists.c: In function ‘main’:
/home/om/FitSage/kivy-dependencies/build/SDL2-2.28.5/build/CMakeFiles/CMakeTmp/CheckSymbolExists.c:8:19: error: ‘elf_aux_info’ undeclared (first use in this function)
    8 |   return ((int*)(&elf_aux_info))[argc];
      |                   ^~~~~~~~~~~~
/home/om/FitSage/kivy-dependencies/build/SDL2-2.28.5/build/CMakeFiles/CMakeTmp/CheckSymbolExists.c:8:19: note: each undeclared identifier is reported only once for each function it appears in
ninja: build stopped: subcommand failed.


File /home/om/FitSage/kivy-dependencies/build/SDL2-2.28.5/build/CMakeFiles/CMakeTmp/CheckSymbolExists.c:
/* */
#include <sys/auxv.h>

int main(int argc, char** argv)
{
  (void)argv;
#ifndef elf_aux_info
  return ((int*)(&elf_aux_info))[argc];
#else
  (void)argc;
  return 0;
#endif
}
Determining if the function iconv_open exists in the iconv failed with the following output:
Change Dir: /home/om/FitSage/kivy-dependencies/build/SDL2-2.28.5/build/CMakeFiles/CMakeTmp

Run Build Command(s):/usr/bin/ninja cmTC_5ab33 && [1/2] Building C object CMakeFiles/cmTC_5ab33.dir/CheckFunctionExists.c.o
[2/2] Linking C executable cmTC_5ab33
FAILED: cmTC_5ab33 
: && /usr/bin/cc -idirafter "/home/om/FitSage/kivy-dependencies/build/SDL2-2.28.5/src/video/khronos" -DCHECK_FUNCTION_EXISTS=iconv_open  -D_GNU_SOURCE=1  CMakeFiles/cmTC_5ab33.dir/CheckFunctionExists.c.o -o cmTC_5ab33  -liconv && :
/usr/bin/ld: cannot find -liconv: No such file or directory
collect2: error: ld returned 1 exit status
ninja: build stopped: subcommand failed.



Determining if the alloca exist failed with the following output:
Change Dir: /home/om/FitSage/kivy-dependencies/build/SDL2-2.28.5/build/CMakeFiles/CMakeTmp

Run Build Command(s):/usr/bin/ninja cmTC_46333 && [1/2] Building C object CMakeFiles/cmTC_46333.dir/CheckSymbolExists.c.o
FAILED: CMakeFiles/cmTC_46333.dir/CheckSymbolExists.c.o 
/usr/bin/cc   -idirafter "/home/om/FitSage/kivy-dependencies/build/SDL2-2.28.5/src/video/khronos"  -D_GNU_SOURCE=1 -o CMakeFiles/cmTC_46333.dir/CheckSymbolExists.c.o -c /home/om/FitSage/kivy-dependencies/build/SDL2-2.28.5/build/CMakeFiles/CMakeTmp/CheckSymbolExists.c
/home/om/FitSage/kivy-dependencies/build/SDL2-2.28.5/build/CMakeFiles/CMakeTmp/CheckSymbolExists.c: In function ‘main’:
/home/om/FitSage/kivy-dependencies/build/SDL2-2.28.5/build/CMakeFiles/CMakeTmp/CheckSymbolExists.c:8:19: error: ‘alloca’ undeclared (first use in this function); did you mean ‘valloc’?
    8 |   return ((int*)(&alloca))[argc];
      |                   ^~~~~~
      |                   valloc
/home/om/FitSage/kivy-dependencies/build/SDL2-2.28.5/build/CMakeFiles/CMakeTmp/CheckSymbolExists.c:8:19: note: each undeclared identifier is reported only once for each function it appears in
ninja: build stopped: subcommand failed.


File /home/om/FitSage/kivy-dependencies/build/SDL2-2.28.5/build/CMakeFiles/CMakeTmp/CheckSymbolExists.c:
/* */
#include <malloc.h>

int main(int argc, char** argv)
{
  (void)argv;
#ifndef alloca
  return ((int*)(&alloca))[argc];
#else
  (void)argc;
  return 0;
#endif
}
Determining if the include file audio/audiolib.h exists failed with the following output:
Change Dir: /home/om/FitSage/kivy-dependencies/build/SDL2-2.28.5/build/CMakeFiles/CMakeTmp

Run Build Command(s):/usr/bin/ninja cmTC_05d74 && [1/2] Building C object CMakeFiles/cmTC_05d74.dir/CheckIncludeFile.c.o
FAILED: CMakeFiles/cmTC_05d74.dir/CheckIncludeFile.c.o 
/usr/bin/cc   -idirafter "/home/om/FitSage/kivy-dependencies/build/SDL2-2.28.5/src/video/khronos"  -D_GNU_SOURCE=1 -o CMakeFiles/cmTC_05d74.dir/CheckIncludeFile.c.o -c /home/om/FitSage/kivy-dependencies/build/SDL2-2.28.5/build/CMakeFiles/CMakeTmp/CheckIncludeFile.c
/home/om/FitSage/kivy-dependencies/build/SDL2-2.28.5/build/CMakeFiles/CMakeTmp/CheckIncludeFile.c:1:10: fatal error: audio/audiolib.h: No such file or directory
    1 | #include <audio/audiolib.h>
      |          ^~~~~~~~~~~~~~~~~~
compilation terminated.
ninja: build stopped: subcommand failed.



Performing C SOURCE FILE Test HAVE_RPI failed with the following output:
Change Dir: /home/om/FitSage/kivy-dependencies/build/SDL2-2.28.5/build/CMakeFiles/CMakeTmp

Run Build Command(s):/usr/bin/ninja cmTC_dca41 && [1/2] Building C object CMakeFiles/cmTC_dca41.dir/src.c.o
FAILED: CMakeFiles/cmTC_dca41.dir/src.c.o 
/usr/bin/cc -DHAVE_RPI  -idirafter "/home/om/FitSage/kivy-dependencies/build/SDL2-2.28.5/src/video/khronos"  -D_GNU_SOURCE=1  -I/opt/vc/include -I/opt/vc/include/interface/vcos/pthreads -I/opt/vc/include/interface/vmcs_host/linux/  -L/opt/vc/lib -o CMakeFiles/cmTC_dca41.dir/src.c.o -c /home/om/FitSage/kivy-dependencies/build/SDL2-2.28.5/build/CMakeFiles/CMakeTmp/src.c
/home/om/FitSage/kivy-dependencies/build/SDL2-2.28.5/build/CMakeFiles/CMakeTmp/src.c:2:18: fatal error: bcm_host.h: No such file or directory
    2 |         #include <bcm_host.h>
      |                  ^~~~~~~~~~~~
compilation terminated.
ninja: build stopped: subcommand failed.


Source file was:

        #include <bcm_host.h>
        #include <EGL/eglplatform.h>
        int main(int argc, char **argv) {
          EGL_DISPMANX_WINDOW_T window;
          bcm_host_init();
        }
Performing C SOURCE FILE Test HAVE_VIVANTE_VDK failed with the following output:
Change Dir: /home/om/FitSage/kivy-dependencies/build/SDL2-2.28.5/build/CMakeFiles/CMakeTmp

Run Build Command(s):/usr/bin/ninja cmTC_aa427 && [1/2] Building C object CMakeFiles/cmTC_aa427.dir/src.c.o
FAILED: CMakeFiles/cmTC_aa427.dir/src.c.o 
/usr/bin/cc -DHAVE_VIVANTE_VDK  -idirafter "/home/om/FitSage/kivy-dependencies/build/SDL2-2.28.5/src/video/khronos"  -D_GNU_SOURCE=1 -o CMakeFiles/cmTC_aa427.dir/src.c.o -c /home/om/FitSage/kivy-dependencies/build/SDL2-2.28.5/build/CMakeFiles/CMakeTmp/src.c
/home/om/FitSage/kivy-dependencies/build/SDL2-2.28.5/build/CMakeFiles/CMakeTmp/src.c:2:18: fatal error: gc_vdk.h: No such file or directory
    2 |         #include <gc_vdk.h>
      |                  ^~~~~~~~~~
compilation terminated.
ninja: build stopped: subcommand failed.


Source file was:

        #include <gc_vdk.h>
        int main(int argc, char** argv) { return 0; }
Performing C SOURCE FILE Test HAVE_VIVANTE_EGL_FB failed with the following output:
Change Dir: /home/om/FitSage/kivy-dependencies/build/SDL2-2.28.5/build/CMakeFiles/CMakeTmp

Run Build Command(s):/usr/bin/ninja cmTC_32c6d && [1/2] Building C object CMakeFiles/cmTC_32c6d.dir/src.c.o
FAILED: CMakeFiles/cmTC_32c6d.dir/src.c.o 
/usr/bin/cc -DHAVE_VIVANTE_EGL_FB  -idirafter "/home/om/FitSage/kivy-dependencies/build/SDL2-2.28.5/src/video/khronos"  -D_GNU_SOURCE=1 -o CMakeFiles/cmTC_32c6d.dir/src.c.o -c /home/om/FitSage/kivy-dependencies/build/SDL2-2.28.5/build/CMakeFiles/CMakeTmp/src.c
/home/om/FitSage/kivy-dependencies/build/SDL2-2.28.5/build/CMakeFiles/CMakeTmp/src.c:4:18: fatal error: EGL/eglvivante.h: No such file or directory
    4 |         #include <EGL/eglvivante.h>
      |                  ^~~~~~~~~~~~~~~~~~
compilation terminated.
ninja: build stopped: subcommand failed.


Source file was:

        #define LINUX
        #define EGL_API_FB
        #include <EGL/eglvivante.h>
        int main(int argc, char** argv) { return 0; }
Determining if the include file libudev.h exists failed with the following output:
Change Dir: /home/om/FitSage/kivy-dependencies/build/SDL2-2.28.5/build/CMakeFiles/CMakeTmp

Run Build Command(s):/usr/bin/ninja cmTC_e9437 && [1/2] Building C object CMakeFiles/cmTC_e9437.dir/CheckIncludeFile.c.o
FAILED: CMakeFiles/cmTC_e9437.dir/CheckIncludeFile.c.o 
/usr/bin/cc   -idirafter "/home/om/FitSage/kivy-dependencies/build/SDL2-2.28.5/src/video/khronos"  -D_GNU_SOURCE=1 -o CMakeFiles/cmTC_e9437.dir/CheckIncludeFile.c.o -c /home/om/FitSage/kivy-dependencies/build/SDL2-2.28.5/build/CMakeFiles/CMakeTmp/CheckIncludeFile.c
/home/om/FitSage/kivy-dependencies/build/SDL2-2.28.5/build/CMakeFiles/CMakeTmp/CheckIncludeFile.c:1:10: fatal error: libudev.h: No such file or directory
    1 | #include <libudev.h>
      |          ^~~~~~~~~~~
compilation terminated.
ninja: build stopped: subcommand failed.



Determining if files pthread_np.h exist failed with the following output:
Change Dir: /home/om/FitSage/kivy-dependencies/build/SDL2-2.28.5/build/CMakeFiles/CMakeTmp

Run Build Command(s):/usr/bin/ninja cmTC_7ba8e && [1/2] Building C object CMakeFiles/cmTC_7ba8e.dir/HAVE_PTHREAD_NP_H.c.o
FAILED: CMakeFiles/cmTC_7ba8e.dir/HAVE_PTHREAD_NP_H.c.o 
/usr/bin/cc   -idirafter "/home/om/FitSage/kivy-dependencies/build/SDL2-2.28.5/src/video/khronos"  -D_GNU_SOURCE=1 -D_REENTRANT -pthread -o CMakeFiles/cmTC_7ba8e.dir/HAVE_PTHREAD_NP_H.c.o -c /home/om/FitSage/kivy-dependencies/build/SDL2-2.28.5/build/CMakeFiles/CheckIncludeFiles/HAVE_PTHREAD_NP_H.c
/home/om/FitSage/kivy-dependencies/build/SDL2-2.28.5/build/CMakeFiles/CheckIncludeFiles/HAVE_PTHREAD_NP_H.c:2:10: fatal error: pthread_np.h: No such file or directory
    2 | #include <pthread_np.h>
      |          ^~~~~~~~~~~~~~
compilation terminated.
ninja: build stopped: subcommand failed.


Source:
/* */
#include <pthread_np.h>


int main(void){return 0;}

Determining if the include file samplerate.h exists failed with the following output:
Change Dir: /home/om/FitSage/kivy-dependencies/build/SDL2-2.28.5/build/CMakeFiles/CMakeTmp

Run Build Command(s):/usr/bin/ninja cmTC_a88fa && [1/2] Building C object CMakeFiles/cmTC_a88fa.dir/CheckIncludeFile.c.o
FAILED: CMakeFiles/cmTC_a88fa.dir/CheckIncludeFile.c.o 
/usr/bin/cc   -idirafter "/home/om/FitSage/kivy-dependencies/build/SDL2-2.28.5/src/video/khronos" -DHAVE_LINUX_VERSION_H  -D_GNU_SOURCE=1 -o CMakeFiles/cmTC_a88fa.dir/CheckIncludeFile.c.o -c /home/om/FitSage/kivy-dependencies/build/SDL2-2.28.5/build/CMakeFiles/CMakeTmp/CheckIncludeFile.c
/home/om/FitSage/kivy-dependencies/build/SDL2-2.28.5/build/CMakeFiles/CMakeTmp/CheckIncludeFile.c:1:10: fatal error: samplerate.h: No such file or directory
    1 | #include <samplerate.h>
      |          ^~~~~~~~~~~~~~
compilation terminated.
ninja: build stopped: subcommand failed.



